This is LuaTeX, Version 1.18.0 (TeX Live 2024)  (format=dvilualatex 2024.11.17)  20 APR 2025 18:19
 system commands enabled.
 file:line:error style messages enabled.
**\makeatletter\def\HCode{\futurelet\HCode\HChar}\def\HChar{\ifx"\HCode\def\HCode"##1"{\Link##1}\expandafter\HCode\else\expandafter\Link\fi}\def\Link#1.a.b.c.{\let\HCode\documentstyle\def\documentstyle{\let\documentstyle\HCode\expandafter\def\csname tex4ht\endcsname{#1,html}\def\HCode####1{\documentstyle[tex4ht,}\@ifnextchar[{\HCode}{\documentstyle[tex4ht]}}\RequirePackage[#1,html]{tex4ht}}\makeatother\HCode ximera.cfg,svg,htex4ht,mathjax,-css,charset=utf-8,html5.a.b.c.\input "\detokenize{questions.tex}"
Lua module: luaotfload 2024-02-14 v3.28 Lua based OpenType font support
Lua module: lualibs 2023-07-13 v2.76 ConTeXt Lua standard libraries.
Lua module: lualibs-extended 2023-07-13 v2.76 ConTeXt Lua libraries -- extended collection.
luaotfload | conf : Root cache directory is "/usr/local/texlive/2024/texmf-var/luatex-cache/generic/names".
luaotfload | init : Loading fontloader "fontloader-2023-12-28.lua" from kpse-resolved path "/usr/local/texlive/2024/texmf-dist/tex/luatex/luaotfload/fontloader-2023-12-28.lua".
Lua-only attribute luaotfload@noligature = 1
luaotfload | init : Context OpenType loader version 3.134
Inserting `luaotfload.node_processor' in `pre_linebreak_filter'.
Inserting `luaotfload.node_processor' in `hpack_filter'.
Inserting `luaotfload.glyph_stream' in `glyph_stream_provider'.
Inserting `luaotfload.define_font' in `define_font'.
Lua-only attribute luaotfload_color_attribute = 2
luaotfload | conf : Root cache directory is "/usr/local/texlive/2024/texmf-var/luatex-cache/generic/names".
Lua-only attribute luaotfload.letterspace_done = 3
Inserting `luaotfload.aux.set_sscale_dimens' in `luaotfload.patch_font'.
Inserting `luaotfload.aux.set_font_index' in `luaotfload.patch_font'.
Inserting `luaotfload.aux.patch_cambria_domh' in `luaotfload.patch_font'.
Inserting `luaotfload.aux.fixup_fontdata' in `luaotfload.patch_font_unsafe'.
Inserting `luaotfload.aux.set_capheight' in `luaotfload.patch_font'.
Inserting `luaotfload.aux.set_xheight' in `luaotfload.patch_font'.
Inserting `luaotfload.rewrite_fontname' in `luaotfload.patch_font'.
Inserting `tracingstacklevels' in `input_level_string'.
(/usr/local/texlive/2024/texmf-dist/tex/generic/tex4ht/tex4ht.sty
version 2024-09-24-10:22
Package: tex4ht 
--------------------------------------
--- Note --- for _ at preamble, use the command line option `early_'
--------------------------------------
--------------------------------------
--- Note --- for ^ at preamble, use the command line option `early^'
--------------------------------------
\tmp:toks=\toks17
) (./questions.tex (/usr/local/texlive/2024/texmf-dist/tex/generic/tex4ht/usepackage.4ht
version 2024-11-05-12:30
) (/root/texmf/tex/latex/ximeraLatex/ximera.cls
Document Class: ximera 2024/05/12 v1.5.1 Simultaneously write print and online interactive materials

'::.   .::' ::  :::::     :::::  .:::::::::::::::::::.    ::: 
  '::.::'   :: ::: :::   ::: ::: ::                :::   ::':: 
    :::     :: :::  ::: :::  :::  ::::::::: .::::::::'  ::' ':: 
  .::'::.   :: :::  ::: :::  ::: ::         ::  '::.   ::'   ':: 
.::'   '::. :: :::   ':::'   ::: '::::::::: ::    '::.::'     ':: 

(/usr/local/texlive/2024/texmf-dist/tex/latex/base/article.cls
Document Class: article 2024/06/29 v1.4n Standard LaTeX document class
(/usr/local/texlive/2024/texmf-dist/tex/latex/base/size10.clo
File: size10.clo 2024/06/29 v1.4n Standard LaTeX file (size option)
luaotfload | db : Font names database loaded from /usr/local/texlive/2024/texmf-var/luatex-cache/generic/names/luaotfload-names.luc.gz
Inserting `luaotfload.dvi' in `pre_shipout_filter'.)
\c@part=\count194
\c@section=\count195
\c@subsection=\count196
\c@subsubsection=\count197
\c@paragraph=\count198
\c@subparagraph=\count199
\c@figure=\count266
\c@table=\count267
\abovecaptionskip=\skip49
\belowcaptionskip=\skip50
\bibindent=\dimen140
) (/usr/local/texlive/2024/texmf-dist/tex/latex/cancel/cancel.sty
Package: cancel 2013/04/12 v2.2 Cancel math terms
) (/usr/local/texlive/2024/texmf-dist/tex/generic/tex4ht/enumitem-hooks.4ht
version 2024-09-09-13:35
) (/usr/local/texlive/2024/texmf-dist/tex/latex/enumitem/enumitem.sty
Package: enumitem 2025/01/19 v3.10 Customized lists
\enitkv@toks@=\toks18
\labelindent=\skip51
\enit@outerparindent=\dimen141
\enit@toks=\toks19
\enit@inbox=\box52
\enit@count@id=\count268
\enitdp@description=\count269
) (/usr/local/texlive/2024/texmf-dist/tex/generic/tex4ht/titlesec-hooks.4ht
version 2023-04-03-14:42
) (/usr/local/texlive/2024/texmf-dist/tex/latex/titlesec/titlesec.sty
Package: titlesec 2025/01/04 v2.17 Sectioning titles
\ttl@box=\box53
\beforetitleunit=\skip52
\aftertitleunit=\skip53
\ttl@plus=\dimen142
\ttl@minus=\dimen143
\ttl@toksa=\toks20
\titlewidth=\dimen144
\titlewidthlast=\dimen145
\titlewidthfirst=\dimen146
 (/usr/local/texlive/2024/texmf-dist/tex/latex/titlesec/titleps.sty)) (/usr/local/texlive/2024/texmf-dist/tex/latex/titlesec/titletoc.sty
Package: titletoc 2025/01/04 v2.17 TOC entries
\ttl@leftsep=\dimen147
) (/usr/local/texlive/2024/texmf-dist/tex/latex/titling/titling.sty
Package: titling 2009/09/04 v2.1d maketitle typesetting
\thanksmarkwidth=\skip54
\thanksmargin=\skip55
\droptitle=\skip56
) (/usr/local/texlive/2024/texmf-dist/tex/latex/url/url.sty
\Urlmuskip=\muskip17
Package: url 2013/09/16  ver 3.4  Verb mode for urls, etc.
) (/usr/local/texlive/2024/texmf-dist/tex/generic/tex4ht/xcolor-hooks.4ht
version 2020-10-17-13:53
) (/usr/local/texlive/2024/texmf-dist/tex/latex/xcolor/xcolor.sty
Package: xcolor 2024/09/29 v3.02 LaTeX color extensions (UK)
 (/usr/local/texlive/2024/texmf-dist/tex/latex/graphics-cfg/color.cfg
File: color.cfg 2016/01/02 v1.6 sample color configuration
)
Package xcolor Info: Driver file: dvips.def on input line 274.
 (/usr/local/texlive/2024/texmf-dist/tex/latex/graphics-def/dvips.def
File: dvips.def 2022/09/22 v3.1e Graphics/color driver for dvips
)
(/usr/local/texlive/2024/texmf-dist/tex/latex/graphics/mathcolor.ltx)
Package xcolor Info: Model `cmy' substituted by `cmy0' on input line 1349.
Package xcolor Info: Model `RGB' extended on input line 1365.
Package xcolor Info: Model `HTML' substituted by `rgb' on input line 1367.
Package xcolor Info: Model `Hsb' substituted by `hsb' on input line 1368.
Package xcolor Info: Model `tHsb' substituted by `hsb' on input line 1369.
Package xcolor Info: Model `HSB' substituted by `hsb' on input line 1370.
Package xcolor Info: Model `Gray' substituted by `gray' on input line 1371.
Package xcolor Info: Model `wave' substituted by `hsb' on input line 1372.
) (/usr/local/texlive/2024/texmf-dist/tex/generic/tex4ht/colortbl-hooks.4ht
version 2024-09-30-13:40
) (/usr/local/texlive/2024/texmf-dist/tex/latex/colortbl/colortbl.sty
Package: colortbl 2024/07/06 v1.0i Color table columns (DPC)
 (/usr/local/texlive/2024/texmf-dist/tex/latex/tools/array.sty
Package: array 2024/10/17 v2.6g Tabular extension package (FMi)
\col@sep=\dimen148
\ar@mcellbox=\box54
\extrarowheight=\dimen149
\NC@list=\toks21
\extratabsurround=\skip57
\backup@length=\skip58
\ar@cellbox=\box55
)
\everycr=\toks22
\minrowclearance=\skip59
\rownum=\count270
) (/usr/local/texlive/2024/texmf-dist/tex/generic/tex4ht/tikz-hooks.4ht
version 2024-01-15-14:00

*****************************
TeX4ht info: Using dvisvgm4ht TikZ driver. Put \def \pgfsysdriver {driver-name} to your document before use of TikZ if you want to another driver. Use tikz+ option if your TikZ pictures use patterns.
) (/usr/local/texlive/2024/texmf-dist/tex/latex/pgf/frontendlayer/tikz.sty (/usr/local/texlive/2024/texmf-dist/tex/generic/tex4ht/pgf-hooks.4ht
version 2024-01-15-14:00
) (/usr/local/texlive/2024/texmf-dist/tex/latex/pgf/basiclayer/pgf.sty (/usr/local/texlive/2024/texmf-dist/tex/latex/pgf/utilities/pgfrcs.sty (/usr/local/texlive/2024/texmf-dist/tex/generic/pgf/utilities/pgfutil-common.tex
\pgfutil@everybye=\toks23
\pgfutil@tempdima=\dimen150
\pgfutil@tempdimb=\dimen151
) (/usr/local/texlive/2024/texmf-dist/tex/generic/pgf/utilities/pgfutil-latex.def
\pgfutil@abb=\box56
) (/usr/local/texlive/2024/texmf-dist/tex/generic/pgf/utilities/pgfrcs.code.tex (/usr/local/texlive/2024/texmf-dist/tex/generic/pgf/pgf.revision.tex)
Package: pgfrcs 2023-01-15 v3.1.10 (3.1.10)
))
Package: pgf 2023-01-15 v3.1.10 (3.1.10)
 (/usr/local/texlive/2024/texmf-dist/tex/latex/pgf/basiclayer/pgfcore.sty (/usr/local/texlive/2024/texmf-dist/tex/latex/graphics/graphicx.sty
Package: graphicx 2021/09/16 v1.2d Enhanced LaTeX Graphics (DPC,SPQR)
 (/usr/local/texlive/2024/texmf-dist/tex/latex/graphics/keyval.sty
Package: keyval 2022/05/29 v1.15 key=value parser (DPC)
\KV@toks@=\toks24
) (/usr/local/texlive/2024/texmf-dist/tex/generic/tex4ht/graphics-hooks.4ht
version 2022-08-17-14:25
) (/usr/local/texlive/2024/texmf-dist/tex/latex/graphics/graphics.sty
Package: graphics 2024/08/06 v1.4g Standard LaTeX Graphics (DPC,SPQR)

(/usr/local/texlive/2024/texmf-dist/tex/latex/graphics/trig.sty
Package: trig 2023/12/02 v1.11 sin cos tan (DPC)
) (/usr/local/texlive/2024/texmf-dist/tex/latex/graphics-cfg/graphics.cfg
File: graphics.cfg 2016/06/04 v1.11 sample graphics configuration
)
Package graphics Info: Driver file: dvips.def on input line 106.
)
\Gin@req@height=\dimen152
\Gin@req@width=\dimen153
) (/usr/local/texlive/2024/texmf-dist/tex/latex/pgf/systemlayer/pgfsys.sty (/usr/local/texlive/2024/texmf-dist/tex/generic/pgf/systemlayer/pgfsys.code.tex
Package: pgfsys 2023-01-15 v3.1.10 (3.1.10)
 (/usr/local/texlive/2024/texmf-dist/tex/generic/pgf/utilities/pgfkeys.code.tex
\pgfkeys@pathtoks=\toks25
\pgfkeys@temptoks=\toks26
 (/usr/local/texlive/2024/texmf-dist/tex/generic/pgf/utilities/pgfkeyslibraryfiltered.code.tex
\pgfkeys@tmptoks=\toks27
))
\pgf@x=\dimen154
\pgf@y=\dimen155
\pgf@xa=\dimen156
\pgf@ya=\dimen157
\pgf@xb=\dimen158
\pgf@yb=\dimen159
\pgf@xc=\dimen160
\pgf@yc=\dimen161
\pgf@xd=\dimen162
\pgf@yd=\dimen163
\w@pgf@writea=\write3
\r@pgf@reada=\read2
\c@pgf@counta=\count271
\c@pgf@countb=\count272
\c@pgf@countc=\count273
\c@pgf@countd=\count274
\t@pgf@toka=\toks28
\t@pgf@tokb=\toks29
\t@pgf@tokc=\toks30
\pgf@sys@id@count=\count275
 (/usr/local/texlive/2024/texmf-dist/tex/generic/pgf/systemlayer/pgf.cfg
File: pgf.cfg 2023-01-15 v3.1.10 (3.1.10)
)
Driver file for pgf: pgfsys-dvisvgm4ht.def
 (/root/texmf/tex/latex/ximeraLatex/pgfsys-dvisvgm4ht.def
File: pgfsys-dvisvgm4ht.def 2023-01-15 v3.1.10 (3.1.10)
 (/usr/local/texlive/2024/texmf-dist/tex/generic/pgf/systemlayer/pgfsys-dvisvgm.def
File: pgfsys-dvisvgm.def 2023-01-15 v3.1.10 (3.1.10)
 (/usr/local/texlive/2024/texmf-dist/tex/generic/pgf/systemlayer/pgfsys-common-svg.def
File: pgfsys-common-svg.def 2023-01-15 v3.1.10 (3.1.10)
\pgf@sys@svg@objectcount=\count276
\pgf@sys@svg@scopecount=\count277
\pgf@sys@svg@type@count=\count278
\pgf@sys@svg@canvascount=\count279
)))) (/usr/local/texlive/2024/texmf-dist/tex/generic/pgf/systemlayer/pgfsyssoftpath.code.tex
File: pgfsyssoftpath.code.tex 2023-01-15 v3.1.10 (3.1.10)
\pgfsyssoftpath@smallbuffer@items=\count280
\pgfsyssoftpath@bigbuffer@items=\count281
) (/usr/local/texlive/2024/texmf-dist/tex/generic/pgf/systemlayer/pgfsysprotocol.code.tex
File: pgfsysprotocol.code.tex 2023-01-15 v3.1.10 (3.1.10)
))
(/usr/local/texlive/2024/texmf-dist/tex/generic/tex4ht/xcolor-hooks.4ht
version 2020-10-17-13:53
) (/usr/local/texlive/2024/texmf-dist/tex/generic/pgf/basiclayer/pgfcore.code.tex
Package: pgfcore 2023-01-15 v3.1.10 (3.1.10)
 (/usr/local/texlive/2024/texmf-dist/tex/generic/pgf/math/pgfmath.code.tex (/usr/local/texlive/2024/texmf-dist/tex/generic/pgf/math/pgfmathutil.code.tex) (/usr/local/texlive/2024/texmf-dist/tex/generic/pgf/math/pgfmathparser.code.tex
\pgfmath@dimen=\dimen164
\pgfmath@count=\count282
\pgfmath@box=\box57
\pgfmath@toks=\toks31
\pgfmath@stack@operand=\toks32
\pgfmath@stack@operation=\toks33
) (/usr/local/texlive/2024/texmf-dist/tex/generic/pgf/math/pgfmathfunctions.code.tex) (/usr/local/texlive/2024/texmf-dist/tex/generic/pgf/math/pgfmathfunctions.basic.code.tex) (/usr/local/texlive/2024/texmf-dist/tex/generic/pgf/math/pgfmathfunctions.trigonometric.code.tex) (/usr/local/texlive/2024/texmf-dist/tex/generic/pgf/math/pgfmathfunctions.random.code.tex) (/usr/local/texlive/2024/texmf-dist/tex/generic/pgf/math/pgfmathfunctions.comparison.code.tex) (/usr/local/texlive/2024/texmf-dist/tex/generic/pgf/math/pgfmathfunctions.base.code.tex)
(/usr/local/texlive/2024/texmf-dist/tex/generic/pgf/math/pgfmathfunctions.round.code.tex) (/usr/local/texlive/2024/texmf-dist/tex/generic/pgf/math/pgfmathfunctions.misc.code.tex) (/usr/local/texlive/2024/texmf-dist/tex/generic/pgf/math/pgfmathfunctions.integerarithmetics.code.tex) (/usr/local/texlive/2024/texmf-dist/tex/generic/pgf/math/pgfmathcalc.code.tex) (/usr/local/texlive/2024/texmf-dist/tex/generic/pgf/math/pgfmathfloat.code.tex
\c@pgfmathroundto@lastzeros=\count283
)) (/usr/local/texlive/2024/texmf-dist/tex/generic/pgf/math/pgfint.code.tex) (/usr/local/texlive/2024/texmf-dist/tex/generic/pgf/basiclayer/pgfcorepoints.code.tex
File: pgfcorepoints.code.tex 2023-01-15 v3.1.10 (3.1.10)
\pgf@picminx=\dimen165
\pgf@picmaxx=\dimen166
\pgf@picminy=\dimen167
\pgf@picmaxy=\dimen168
\pgf@pathminx=\dimen169
\pgf@pathmaxx=\dimen170
\pgf@pathminy=\dimen171
\pgf@pathmaxy=\dimen172
\pgf@xx=\dimen173
\pgf@xy=\dimen174
\pgf@yx=\dimen175
\pgf@yy=\dimen176
\pgf@zx=\dimen177
\pgf@zy=\dimen178
) (/usr/local/texlive/2024/texmf-dist/tex/generic/pgf/basiclayer/pgfcorepathconstruct.code.tex
File: pgfcorepathconstruct.code.tex 2023-01-15 v3.1.10 (3.1.10)
\pgf@path@lastx=\dimen179
\pgf@path@lasty=\dimen180
) (/usr/local/texlive/2024/texmf-dist/tex/generic/pgf/basiclayer/pgfcorepathusage.code.tex
File: pgfcorepathusage.code.tex 2023-01-15 v3.1.10 (3.1.10)
\pgf@shorten@end@additional=\dimen181
\pgf@shorten@start@additional=\dimen182
) (/usr/local/texlive/2024/texmf-dist/tex/generic/pgf/basiclayer/pgfcorescopes.code.tex
File: pgfcorescopes.code.tex 2023-01-15 v3.1.10 (3.1.10)
\pgfpic=\box58
\pgf@hbox=\box59
\pgf@layerbox@main=\box60
\pgf@picture@serial@count=\count284
) (/usr/local/texlive/2024/texmf-dist/tex/generic/pgf/basiclayer/pgfcoregraphicstate.code.tex
File: pgfcoregraphicstate.code.tex 2023-01-15 v3.1.10 (3.1.10)
\pgflinewidth=\dimen183
)
(/usr/local/texlive/2024/texmf-dist/tex/generic/pgf/basiclayer/pgfcoretransformations.code.tex
File: pgfcoretransformations.code.tex 2023-01-15 v3.1.10 (3.1.10)
\pgf@pt@x=\dimen184
\pgf@pt@y=\dimen185
\pgf@pt@temp=\dimen186
) (/usr/local/texlive/2024/texmf-dist/tex/generic/pgf/basiclayer/pgfcorequick.code.tex
File: pgfcorequick.code.tex 2023-01-15 v3.1.10 (3.1.10)
) (/usr/local/texlive/2024/texmf-dist/tex/generic/pgf/basiclayer/pgfcoreobjects.code.tex
File: pgfcoreobjects.code.tex 2023-01-15 v3.1.10 (3.1.10)
) (/usr/local/texlive/2024/texmf-dist/tex/generic/pgf/basiclayer/pgfcorepathprocessing.code.tex
File: pgfcorepathprocessing.code.tex 2023-01-15 v3.1.10 (3.1.10)
) (/usr/local/texlive/2024/texmf-dist/tex/generic/pgf/basiclayer/pgfcorearrows.code.tex
File: pgfcorearrows.code.tex 2023-01-15 v3.1.10 (3.1.10)
\pgfarrowsep=\dimen187
) (/usr/local/texlive/2024/texmf-dist/tex/generic/pgf/basiclayer/pgfcoreshade.code.tex
File: pgfcoreshade.code.tex 2023-01-15 v3.1.10 (3.1.10)
\pgf@max=\dimen188
\pgf@sys@shading@range@num=\count285
\pgf@shadingcount=\count286
) (/usr/local/texlive/2024/texmf-dist/tex/generic/pgf/basiclayer/pgfcoreimage.code.tex
File: pgfcoreimage.code.tex 2023-01-15 v3.1.10 (3.1.10)
) (/usr/local/texlive/2024/texmf-dist/tex/generic/pgf/basiclayer/pgfcoreexternal.code.tex
File: pgfcoreexternal.code.tex 2023-01-15 v3.1.10 (3.1.10)
\pgfexternal@startupbox=\box61
) (/usr/local/texlive/2024/texmf-dist/tex/generic/pgf/basiclayer/pgfcorelayers.code.tex
File: pgfcorelayers.code.tex 2023-01-15 v3.1.10 (3.1.10)
) (/usr/local/texlive/2024/texmf-dist/tex/generic/pgf/basiclayer/pgfcoretransparency.code.tex
File: pgfcoretransparency.code.tex 2023-01-15 v3.1.10 (3.1.10)
) (/usr/local/texlive/2024/texmf-dist/tex/generic/pgf/basiclayer/pgfcorepatterns.code.tex
File: pgfcorepatterns.code.tex 2023-01-15 v3.1.10 (3.1.10)
)
(/usr/local/texlive/2024/texmf-dist/tex/generic/pgf/basiclayer/pgfcorerdf.code.tex
File: pgfcorerdf.code.tex 2023-01-15 v3.1.10 (3.1.10)
))) (/usr/local/texlive/2024/texmf-dist/tex/generic/pgf/modules/pgfmoduleshapes.code.tex
File: pgfmoduleshapes.code.tex 2023-01-15 v3.1.10 (3.1.10)
\pgfnodeparttextbox=\box62
) (/usr/local/texlive/2024/texmf-dist/tex/generic/pgf/modules/pgfmoduleplot.code.tex
File: pgfmoduleplot.code.tex 2023-01-15 v3.1.10 (3.1.10)
) (/usr/local/texlive/2024/texmf-dist/tex/latex/pgf/compatibility/pgfcomp-version-0-65.sty
Package: pgfcomp-version-0-65 2023-01-15 v3.1.10 (3.1.10)
\pgf@nodesepstart=\dimen189
\pgf@nodesepend=\dimen190
) (/usr/local/texlive/2024/texmf-dist/tex/latex/pgf/compatibility/pgfcomp-version-1-18.sty
Package: pgfcomp-version-1-18 2023-01-15 v3.1.10 (3.1.10)
)) (/usr/local/texlive/2024/texmf-dist/tex/latex/pgf/utilities/pgffor.sty (/usr/local/texlive/2024/texmf-dist/tex/latex/pgf/utilities/pgfkeys.sty (/usr/local/texlive/2024/texmf-dist/tex/generic/pgf/utilities/pgfkeys.code.tex)) (/usr/local/texlive/2024/texmf-dist/tex/latex/pgf/math/pgfmath.sty (/usr/local/texlive/2024/texmf-dist/tex/generic/pgf/math/pgfmath.code.tex)) (/usr/local/texlive/2024/texmf-dist/tex/generic/pgf/utilities/pgffor.code.tex
Package: pgffor 2023-01-15 v3.1.10 (3.1.10)
\pgffor@iter=\dimen191
\pgffor@skip=\dimen192
\pgffor@stack=\toks34
\pgffor@toks=\toks35
)) (/usr/local/texlive/2024/texmf-dist/tex/generic/pgf/frontendlayer/tikz/tikz.code.tex
Package: tikz 2023-01-15 v3.1.10 (3.1.10)

(/usr/local/texlive/2024/texmf-dist/tex/generic/pgf/libraries/pgflibraryplothandlers.code.tex
File: pgflibraryplothandlers.code.tex 2023-01-15 v3.1.10 (3.1.10)
\pgf@plot@mark@count=\count287
\pgfplotmarksize=\dimen193
)
\tikz@lastx=\dimen194
\tikz@lasty=\dimen195
\tikz@lastxsaved=\dimen196
\tikz@lastysaved=\dimen197
\tikz@lastmovetox=\dimen198
\tikz@lastmovetoy=\dimen199
\tikzleveldistance=\dimen256
\tikzsiblingdistance=\dimen257
\tikz@figbox=\box63
\tikz@figbox@bg=\box64
\tikz@tempbox=\box65
\tikz@tempbox@bg=\box66
\tikztreelevel=\count288
\tikznumberofchildren=\count289
\tikznumberofcurrentchild=\count290
\tikz@fig@count=\count291
 (/usr/local/texlive/2024/texmf-dist/tex/generic/pgf/modules/pgfmodulematrix.code.tex
File: pgfmodulematrix.code.tex 2023-01-15 v3.1.10 (3.1.10)
\pgfmatrixcurrentrow=\count292
\pgfmatrixcurrentcolumn=\count293
\pgf@matrix@numberofcolumns=\count294
)
\tikz@expandcount=\count295
 (/usr/local/texlive/2024/texmf-dist/tex/generic/pgf/frontendlayer/tikz/libraries/tikzlibrarytopaths.code.tex
File: tikzlibrarytopaths.code.tex 2023-01-15 v3.1.10 (3.1.10)
))) (/usr/local/texlive/2024/texmf-dist/tex/latex/pgfplots/pgfplots.sty (/usr/local/texlive/2024/texmf-dist/tex/generic/pgfplots/pgfplots.revision.tex)
Package: pgfplots 2021/05/15 v1.18.1 Data Visualization (1.18.1)
 (/usr/local/texlive/2024/texmf-dist/tex/generic/tex4ht/tikz-hooks.4ht
version 2024-01-15-14:00
) (/usr/local/texlive/2024/texmf-dist/tex/generic/pgfplots/pgfplots.code.tex (/usr/local/texlive/2024/texmf-dist/tex/generic/pgfplots/pgfplotscore.code.tex
Package pgfplots info on input line 124: Initializing with LUA version Lua 5.3
\pgfplots@luabackend@table=\catcodetable14
\t@pgfplots@toka=\toks36
\t@pgfplots@tokb=\toks37
\t@pgfplots@tokc=\toks38
\pgfplots@tmpa=\dimen258
\c@pgfplots@coordindex=\count296
\c@pgfplots@scanlineindex=\count297
 (/usr/local/texlive/2024/texmf-dist/tex/generic/pgfplots/sys/pgfplotssysgeneric.code.tex)) (/usr/local/texlive/2024/texmf-dist/tex/generic/pgfplots/libs/pgfplotslibrary.code.tex) (/usr/local/texlive/2024/texmf-dist/tex/generic/pgfplots/oldpgfcompatib/pgfplotsoldpgfsupp_loader.code.tex
(/usr/local/texlive/2024/texmf-dist/tex/generic/pgf/libraries/pgflibraryfpu.code.tex)
Package pgfplots: loading complementary utilities for your pgf version...
\t@pgf@toka=\toks39
\t@pgf@tokb=\toks40
\t@pgf@tokc=\toks41
(/usr/local/texlive/2024/texmf-dist/tex/generic/pgfplots/oldpgfcompatib/pgfplotsoldpgfsupp_pgfutil-common-lists.tex) (/usr/local/texlive/2024/texmf-dist/tex/generic/pgf/libraries/luamath/pgflibraryluamath.code.tex)
Package pgfplots info on input line 290: luamath library shipped with pgf 3.1.10 is up-to-date
) (/usr/local/texlive/2024/texmf-dist/tex/generic/pgfplots/util/pgfplotsutil.code.tex
Package pgfplots info on input line 82: Found new luatex: initializing lua commands instead of write18 (shell-escape)
 (/usr/local/texlive/2024/texmf-dist/tex/generic/pgfplots/liststructure/pgfplotsliststructure.code.tex) (/usr/local/texlive/2024/texmf-dist/tex/generic/pgfplots/liststructure/pgfplotsliststructureext.code.tex) (/usr/local/texlive/2024/texmf-dist/tex/generic/pgfplots/liststructure/pgfplotsarray.code.tex
\c@pgfplotsarray@tmp=\count298
) (/usr/local/texlive/2024/texmf-dist/tex/generic/pgfplots/liststructure/pgfplotsmatrix.code.tex) (/usr/local/texlive/2024/texmf-dist/tex/generic/pgfplots/numtable/pgfplotstableshared.code.tex
\c@pgfplotstable@counta=\count299
\t@pgfplotstable@a=\toks42
) (/usr/local/texlive/2024/texmf-dist/tex/generic/pgfplots/liststructure/pgfplotsdeque.code.tex) (/usr/local/texlive/2024/texmf-dist/tex/generic/pgfplots/util/pgfplotsbinary.code.tex
(/usr/local/texlive/2024/texmf-dist/tex/generic/pgfplots/util/pgfplotsbinary.data.code.tex)) (/usr/local/texlive/2024/texmf-dist/tex/generic/pgfplots/util/pgfplotsutil.verb.code.tex) (/usr/local/texlive/2024/texmf-dist/tex/generic/pgfplots/libs/pgflibrarypgfplots.surfshading.code.tex
\c@pgfplotslibrarysurf@no=\count300
)) (/usr/local/texlive/2024/texmf-dist/tex/generic/pgfplots/util/pgfplotscolormap.code.tex (/usr/local/texlive/2024/texmf-dist/tex/generic/pgfplots/util/pgfplotscolor.code.tex)) (/usr/local/texlive/2024/texmf-dist/tex/generic/pgfplots/pgfplotsstackedplots.code.tex) (/usr/local/texlive/2024/texmf-dist/tex/generic/pgfplots/pgfplotsplothandlers.code.tex (/usr/local/texlive/2024/texmf-dist/tex/generic/pgfplots/pgfplotsmeshplothandler.code.tex (/usr/local/texlive/2024/texmf-dist/tex/generic/pgfplots/pgfplotsmeshplotimage.code.tex))) (/usr/local/texlive/2024/texmf-dist/tex/generic/pgfplots/pgfplots.scaling.code.tex) (/usr/local/texlive/2024/texmf-dist/tex/generic/pgfplots/pgfplotscoordprocessing.code.tex)
(/usr/local/texlive/2024/texmf-dist/tex/generic/pgfplots/pgfplots.errorbars.code.tex) (/usr/local/texlive/2024/texmf-dist/tex/generic/pgfplots/pgfplots.markers.code.tex) (/usr/local/texlive/2024/texmf-dist/tex/generic/pgfplots/pgfplotsticks.code.tex) (/usr/local/texlive/2024/texmf-dist/tex/generic/pgfplots/pgfplots.paths.code.tex) (/usr/local/texlive/2024/texmf-dist/tex/generic/pgf/frontendlayer/tikz/libraries/tikzlibrarydecorations.code.tex (/usr/local/texlive/2024/texmf-dist/tex/generic/pgf/modules/pgfmoduledecorations.code.tex
\pgfdecoratedcompleteddistance=\dimen259
\pgfdecoratedremainingdistance=\dimen260
\pgfdecoratedinputsegmentcompleteddistance=\dimen261
\pgfdecoratedinputsegmentremainingdistance=\dimen262
\pgf@decorate@distancetomove=\dimen263
\pgf@decorate@repeatstate=\count301
\pgfdecorationsegmentamplitude=\dimen264
\pgfdecorationsegmentlength=\dimen265
)
\tikz@lib@dec@box=\box67
) (/usr/local/texlive/2024/texmf-dist/tex/generic/pgf/frontendlayer/tikz/libraries/tikzlibrarydecorations.pathmorphing.code.tex (/usr/local/texlive/2024/texmf-dist/tex/generic/pgf/libraries/decorations/pgflibrarydecorations.pathmorphing.code.tex)) (/usr/local/texlive/2024/texmf-dist/tex/generic/pgf/frontendlayer/tikz/libraries/tikzlibrarydecorations.pathreplacing.code.tex
(/usr/local/texlive/2024/texmf-dist/tex/generic/pgf/libraries/decorations/pgflibrarydecorations.pathreplacing.code.tex)) (/usr/local/texlive/2024/texmf-dist/tex/generic/pgfplots/libs/tikzlibrarypgfplots.contourlua.code.tex)
\pgfplots@numplots=\count302
\pgfplots@xmin@reg=\dimen266
\pgfplots@xmax@reg=\dimen267
\pgfplots@ymin@reg=\dimen268
\pgfplots@ymax@reg=\dimen269
\pgfplots@zmin@reg=\dimen270
\pgfplots@zmax@reg=\dimen271
) (/usr/local/texlive/2024/texmf-dist/tex/generic/pgf/frontendlayer/tikz/libraries/tikzlibraryplotmarks.code.tex
File: tikzlibraryplotmarks.code.tex 2023-01-15 v3.1.10 (3.1.10)
 (/usr/local/texlive/2024/texmf-dist/tex/generic/pgf/libraries/pgflibraryplotmarks.code.tex
File: pgflibraryplotmarks.code.tex 2023-01-15 v3.1.10 (3.1.10)
))) (/usr/local/texlive/2024/texmf-dist/tex/generic/pgfplots/libs/tikzlibrarypgfplots.groupplots.code.tex
\pgfplots@group@current@plot=\count303
\pgfplots@group@current@row=\count304
\pgfplots@group@current@column=\count305
 (/usr/local/texlive/2024/texmf-dist/tex/generic/pgf/frontendlayer/tikz/libraries/tikzlibrarycalc.code.tex
File: tikzlibrarycalc.code.tex 2023-01-15 v3.1.10 (3.1.10)
)) (/usr/local/texlive/2024/texmf-dist/tex/latex/fancyvrb/fancyvrb.sty
Package: fancyvrb 2024/01/20 4.5c verbatim text (tvz,hv)
\FV@CodeLineNo=\count306
\FV@InFile=\read3
\FV@TabBox=\box68
\c@FancyVerbLine=\count307
\FV@StepNumber=\count308
\FV@OutFile=\write4
) (/usr/local/texlive/2024/texmf-dist/tex/latex/forloop/forloop.sty
Package: forloop 2023/05/03 v3.0 For Loops for LaTeX
 (/usr/local/texlive/2024/texmf-dist/tex/latex/base/ifthen.sty
Package: ifthen 2024/03/16 v1.1e Standard LaTeX ifthen package (DPC)
)) (/usr/local/texlive/2024/texmf-dist/tex/latex/environ/environ.sty
Package: environ 2014/05/04 v0.3 A new way to define environments
 (/usr/local/texlive/2024/texmf-dist/tex/latex/trimspaces/trimspaces.sty
Package: trimspaces 2009/09/17 v1.1 Trim spaces around a token list
)
\@envbody=\toks43
)
(/usr/local/texlive/2024/texmf-dist/tex/latex/amsfonts/amssymb.sty
Package: amssymb 2013/01/14 v3.01 AMS font symbols
 (/usr/local/texlive/2024/texmf-dist/tex/latex/amsfonts/amsfonts.sty
Package: amsfonts 2013/01/14 v3.01 Basic AMSFonts support
\@emptytoks=\toks44
\symAMSa=\mathgroup4
\symAMSb=\mathgroup5
LaTeX Font Info:    Redeclaring math symbol \hbar on input line 98.
LaTeX Font Info:    Overwriting math alphabet `\mathfrak' in version `bold'
(Font)                  U/euf/m/n --> U/euf/b/n on input line 106.
)) (/usr/local/texlive/2024/texmf-dist/tex/latex/amsmath/amsmath.sty
Package: amsmath 2024/11/05 v2.17t AMS math features
\@mathmargin=\skip60

For additional information on amsmath, use the `?' option.
(/usr/local/texlive/2024/texmf-dist/tex/latex/amsmath/amstext.sty
Package: amstext 2021/08/26 v2.01 AMS text
 (/usr/local/texlive/2024/texmf-dist/tex/latex/amsmath/amsgen.sty
File: amsgen.sty 1999/11/30 v2.0 generic functions
\@emptytoks=\toks45
\ex@=\dimen272
)) (/usr/local/texlive/2024/texmf-dist/tex/latex/amsmath/amsbsy.sty
Package: amsbsy 1999/11/29 v1.2d Bold Symbols
\pmbraise@=\dimen273
) (/usr/local/texlive/2024/texmf-dist/tex/latex/amsmath/amsopn.sty
Package: amsopn 2022/04/08 v2.04 operator names
)
\inf@bad=\count309
LaTeX Info: Redefining \frac on input line 235.
\uproot@=\count310
\leftroot@=\count311
LaTeX Info: Redefining \overline on input line 398.
LaTeX Info: Redefining \colon on input line 409.
\classnum@=\count312
\DOTSCASE@=\count313
LaTeX Info: Redefining \ldots on input line 495.
LaTeX Info: Redefining \dots on input line 498.
LaTeX Info: Redefining \cdots on input line 619.
\Mathstrutbox@=\box69
\strutbox@=\box70
LaTeX Info: Redefining \big on input line 721.
LaTeX Info: Redefining \Big on input line 722.
LaTeX Info: Redefining \bigg on input line 723.
LaTeX Info: Redefining \Bigg on input line 724.
\big@size=\dimen274
LaTeX Font Info:    Redeclaring font encoding OML on input line 742.
LaTeX Font Info:    Redeclaring font encoding OMS on input line 743.
\macc@depth=\count314
LaTeX Info: Redefining \bmod on input line 904.
LaTeX Info: Redefining \pmod on input line 909.
LaTeX Info: Redefining \smash on input line 939.
LaTeX Info: Redefining \relbar on input line 969.
LaTeX Info: Redefining \Relbar on input line 970.
\c@MaxMatrixCols=\count315
\dotsspace@=\muskip18
\c@parentequation=\count316
\dspbrk@lvl=\count317
\tag@help=\toks46
\row@=\count318
\column@=\count319
\maxfields@=\count320
\andhelp@=\toks47
\eqnshift@=\dimen275
\alignsep@=\dimen276
\tagshift@=\dimen277
\tagwidth@=\dimen278
\totwidth@=\dimen279
\lineht@=\dimen280
\@envbody=\toks48
\multlinegap=\skip61
\multlinetaggap=\skip62
\mathdisplay@stack=\toks49
LaTeX Info: Redefining \[ on input line 2953.
LaTeX Info: Redefining \] on input line 2954.
) (/usr/local/texlive/2024/texmf-dist/tex/latex/amscls/amsthm.sty
Package: amsthm 2020/05/29 v2.20.6
\thm@style=\toks50
\thm@bodyfont=\toks51
\thm@headfont=\toks52
\thm@notefont=\toks53
\thm@headpunct=\toks54
\thm@preskip=\skip63
\thm@postskip=\skip64
\thm@headsep=\skip65
\dth@everypar=\toks55
) (/usr/local/texlive/2024/texmf-dist/tex/latex/xifthen/xifthen.sty
Package: xifthen 2015/11/05 v1.4.0 Extended ifthen features
 (/usr/local/texlive/2024/texmf-dist/tex/latex/tools/calc.sty
Package: calc 2023/07/08 v4.3 Infix arithmetic (KKT,FJ)
\calc@Acount=\count321
\calc@Bcount=\count322
\calc@Adimen=\dimen281
\calc@Bdimen=\dimen282
\calc@Askip=\skip66
\calc@Bskip=\skip67
LaTeX Info: Redefining \setlength on input line 80.
LaTeX Info: Redefining \addtolength on input line 81.
\calc@Ccount=\count323
\calc@Cskip=\skip68
) (/usr/local/texlive/2024/texmf-dist/tex/latex/ifmtarg/ifmtarg.sty
Package: ifmtarg 2018/04/16 v1.2b check for an empty argument
)) (/usr/local/texlive/2024/texmf-dist/tex/latex/multido/multido.sty
Package: multido 2004/05/17 package wrapper for PSTricks `multido.tex', (HV/RN)
 (/usr/local/texlive/2024/texmf-dist/tex/generic/multido/multido.tex  v1.42, 2010/05/14 <tvz>
\multido@count=\count324
\multidocount=\count325
\multido@stuff=\toks56
)
File: multido.tex 2010/05/14 v1.42 `multido' (tvz,hv)
) (/usr/local/texlive/2024/texmf-dist/tex/latex/listings/listings.sty
\lst@mode=\count326
\lst@gtempboxa=\box71
\lst@token=\toks57
\lst@length=\count327
\lst@currlwidth=\dimen283
\lst@column=\count328
\lst@pos=\count329
\lst@lostspace=\dimen284
\lst@width=\dimen285
\lst@newlines=\count330
\lst@lineno=\count331
\lst@maxwidth=\dimen286
 (/usr/local/texlive/2024/texmf-dist/tex/latex/listings/lstpatch.sty
File: lstpatch.sty 2024/09/23 1.10c (Carsten Heinz)
) (/usr/local/texlive/2024/texmf-dist/tex/latex/listings/lstmisc.sty
File: lstmisc.sty 2024/09/23 1.10c (Carsten Heinz)
\c@lstnumber=\count332
\lst@skipnumbers=\count333
\lst@framebox=\box72
) (/usr/local/texlive/2024/texmf-dist/tex/latex/listings/listings.cfg
File: listings.cfg 2024/09/23 1.10c listings configuration
))
Package: listings 2024/09/23 1.10c (Carsten Heinz)

(/usr/local/texlive/2024/texmf-dist/tex/latex/xkeyval/xkeyval.sty
Package: xkeyval 2022/06/16 v2.9 package option processing (HA)
 (/usr/local/texlive/2024/texmf-dist/tex/generic/xkeyval/xkeyval.tex (/usr/local/texlive/2024/texmf-dist/tex/generic/xkeyval/xkvutils.tex
\XKV@toks=\toks58
\XKV@tempa@toks=\toks59
)
\XKV@depth=\count334
File: xkeyval.tex 2014/12/03 v2.7a key=value parser (HA)
)) (/usr/local/texlive/2024/texmf-dist/tex/latex/comment/comment.sty
\CommentStream=\write5
 Excluding comment 'comment') (/usr/local/texlive/2024/texmf-dist/tex/generic/gettitlestring/gettitlestring.sty
Package: gettitlestring 2019/12/15 v1.6 Cleanup title references (HO)
 (/usr/local/texlive/2024/texmf-dist/tex/latex/kvoptions/kvoptions.sty
Package: kvoptions 2022-06-15 v3.15 Key value format for package options (HO)
 (/usr/local/texlive/2024/texmf-dist/tex/generic/ltxcmds/ltxcmds.sty
Package: ltxcmds 2023-12-04 v1.26 LaTeX kernel commands for general use (HO)
) (/usr/local/texlive/2024/texmf-dist/tex/latex/kvsetkeys/kvsetkeys.sty
Package: kvsetkeys 2022-10-05 v1.19 Key value parser (HO)
))) (/usr/local/texlive/2024/texmf-dist/tex/latex/hyperref/nameref.sty
Package: nameref 2023-11-26 v2.56 Cross-referencing by name of section
 (/usr/local/texlive/2024/texmf-dist/tex/latex/refcount/refcount.sty
Package: refcount 2019/12/15 v3.6 Data extraction from label references (HO)
 (/usr/local/texlive/2024/texmf-dist/tex/generic/infwarerr/infwarerr.sty
Package: infwarerr 2019/12/03 v1.5 Providing info/warning/error messages (HO)
))
\c@section@level=\count335
) (/usr/local/texlive/2024/texmf-dist/tex/latex/epstopdf-pkg/epstopdf.sty
Package: epstopdf 2020-01-24 v2.11 Conversion with epstopdf on the fly (HO)
 (/usr/local/texlive/2024/texmf-dist/tex/latex/grfext/grfext.sty
Package: grfext 2019/12/03 v1.3 Manage graphics extensions (HO)

(/usr/local/texlive/2024/texmf-dist/tex/generic/kvdefinekeys/kvdefinekeys.sty
Package: kvdefinekeys 2019-12-19 v1.6 Define keys (HO)
)) (/usr/local/texlive/2024/texmf-dist/tex/generic/pdftexcmds/pdftexcmds.sty
Package: pdftexcmds 2020-06-27 v0.33 Utility functions of pdfTeX for LuaTeX (HO)
 (/usr/local/texlive/2024/texmf-dist/tex/generic/iftex/iftex.sty
Package: iftex 2022/02/03 v1.0f TeX engine tests
)
Package pdftexcmds Info: \pdf@primitive is available.
Package pdftexcmds Info: \pdf@ifprimitive is available.
Package pdftexcmds Info: \pdfdraftmode is ignored in DVI mode.
\pdftexcmds@toks=\toks60
) (/usr/local/texlive/2024/texmf-dist/tex/latex/epstopdf-pkg/epstopdf-base.sty
Package: epstopdf-base 2020-01-24 v2.11 Base part for package epstopdf


Package epstopdf Warning: Drivers other than `pdftex' and `luatex' are not supported.

)) (/usr/local/texlive/2024/texmf-dist/tex/generic/tex4ht/hyperref-hooks.4ht
version 2023-09-17-08:01
) (/usr/local/texlive/2024/texmf-dist/tex/latex/hyperref/hyperref.sty
Package: hyperref 2024-11-05 v7.01l Hypertext links for LaTeX
 (/usr/local/texlive/2024/texmf-dist/tex/generic/pdfescape/pdfescape.sty
Package: pdfescape 2019/12/09 v1.15 Implements pdfTeX's escape features (HO)
) (/usr/local/texlive/2024/texmf-dist/tex/latex/hycolor/hycolor.sty
Package: hycolor 2020-01-27 v1.10 Color options for hyperref/bookmark (HO)
) (/usr/local/texlive/2024/texmf-dist/tex/latex/etoolbox/etoolbox.sty
Package: etoolbox 2020/10/05 v2.5k e-TeX tools for LaTeX (JAW)
\etb@tempcnta=\count336
) (/usr/local/texlive/2024/texmf-dist/tex/generic/stringenc/stringenc.sty
Package: stringenc 2019/11/29 v1.12 Convert strings between diff. encodings (HO)
)
\@linkdim=\dimen287
\Hy@linkcounter=\count337
\Hy@pagecounter=\count338
 (/usr/local/texlive/2024/texmf-dist/tex/latex/hyperref/pd1enc.def
File: pd1enc.def 2024-11-05 v7.01l Hyperref: PDFDocEncoding definition (HO)
) (/usr/local/texlive/2024/texmf-dist/tex/generic/intcalc/intcalc.sty
Package: intcalc 2019/12/15 v1.3 Expandable calculations with integers (HO)
)
\Hy@SavedSpaceFactor=\count339
 (/usr/local/texlive/2024/texmf-dist/tex/latex/hyperref/puenc.def
File: puenc.def 2024-11-05 v7.01l Hyperref: PDF Unicode definition (HO)
)
Package hyperref Info: Option `colorlinks' set `true' on input line 4040.
Package hyperref Info: Hyper figures OFF on input line 4157.
Package hyperref Info: Link nesting OFF on input line 4162.
Package hyperref Info: Hyper index ON on input line 4165.
Package hyperref Info: Plain pages OFF on input line 4172.
Package hyperref Info: Backreferencing OFF on input line 4177.
Package hyperref Info: Implicit mode ON; LaTeX internals redefined.
Package hyperref Info: Bookmarks ON on input line 4424.
\c@Hy@tempcnt=\count340
LaTeX Info: Redefining \url on input line 4763.
\XeTeXLinkMargin=\dimen288
 (/usr/local/texlive/2024/texmf-dist/tex/generic/bitset/bitset.sty
Package: bitset 2019/12/09 v1.3 Handle bit-vector datatype (HO)
 (/usr/local/texlive/2024/texmf-dist/tex/generic/bigintcalc/bigintcalc.sty
Package: bigintcalc 2019/12/15 v1.5 Expandable calculations on big integers (HO)
))
\Fld@menulength=\count341
\Field@Width=\dimen289
\Fld@charsize=\dimen290
\Field@toks=\toks61
Package hyperref Info: Hyper figures OFF on input line 6042.
Package hyperref Info: Link nesting OFF on input line 6047.
Package hyperref Info: Hyper index ON on input line 6050.
Package hyperref Info: backreferencing OFF on input line 6057.
Package hyperref Info: Link coloring ON on input line 6060.
Package hyperref Info: Link coloring with OCG OFF on input line 6067.
Package hyperref Info: PDF/A mode OFF on input line 6072.
 (/usr/local/texlive/2024/texmf-dist/tex/latex/base/atbegshi-ltx.sty
Package: atbegshi-ltx 2021/01/10 v1.0c Emulation of the original atbegshi
package with kernel methods
)
\Hy@abspage=\count342


Package hyperref Message: Stopped early.

)
Package hyperref Info: Driver: htex4ht.
 (/usr/local/texlive/2024/texmf-dist/tex/latex/hyperref/htex4ht.def
File: htex4ht.def 2024-11-05 v7.01l Hyperref driver for TeX4ht
Package hyperref Info: tex4ht is already loaded.
)
warning  (font): lua-loaded font '17' with name 'dummy' has no characters
\c@theorem=\count343
\c@algorithm=\count344
\c@axiom=\count345
\c@claim=\count346
\c@conclusion=\count347
\c@condition=\count348
\c@conjecture=\count349
\c@corollary=\count350
\c@criterion=\count351
\c@definition=\count352
\c@example=\count353
\c@fact=\count354
\c@lemma=\count355
\c@formula=\count356
\c@idea=\count357
\c@notation=\count358
\c@model=\count359
\c@observation=\count360
\c@proposition=\count361
\c@paradox=\count362
\c@procedure=\count363
\c@remark=\count364
\c@summary=\count365
\c@template=\count366
\c@warning=\count367
\c@Iteration@probCnt=\count368
\c@problem=\count369
\c@problem@Depth=\count370
\c@hintLevel=\count371
\c@titlenumber=\count372
\c@sectiontitlenumber=\count373
(/root/texmf/tex/latex/ximeraLatex/sagetex.sty
Package: sagetex 2020/08/12 v3.5 embedding Sage into LaTeX documents
 (/usr/local/texlive/2024/texmf-dist/tex/latex/tools/verbatim.sty
Package: verbatim 2024-01-22 v1.5x LaTeX2e package for verbatim enhancements
\every@verbatim=\toks62
\verbatim@line=\toks63
\verbatim@in@stream=\read4
) (/usr/local/texlive/2024/texmf-dist/tex/latex/makecmds/makecmds.sty
Package: makecmds 2009/09/03 v1.0a extra command making commands
) (/usr/local/texlive/2024/texmf-dist/tex/generic/iftex/ifpdf.sty
Package: ifpdf 2019/10/25 v3.4 ifpdf legacy package. Use iftex instead.
) (/usr/local/texlive/2024/texmf-dist/tex/generic/iftex/ifxetex.sty
Package: ifxetex 2019/10/25 v0.7 ifxetex legacy package. Use iftex instead.
)
\c@ST@inline=\count374
\c@ST@plot=\count375
\c@ST@cmdline=\count376
\sagetexindent=\skip69

No file questions.draft.sagetex.sout.
\sagecommandlineskip=\skip70
)
\myfile=\write6

\openout6 = questions.draft.xmjax

Info: No default preamble loaded (xmPreamble.tex)
(/usr/local/texlive/2024/texmf-dist/tex/latex/currfile/currfile.sty
Package: currfile 2024/03/14 v1.0 Provides the file path elements of the current input file
 (/usr/local/texlive/2024/texmf-dist/tex/latex/filehook/filehook.sty
Package: filehook 2022/10/25 v0.8b Hooks for input files
 (/usr/local/texlive/2024/texmf-dist/tex/latex/filehook/filehook-2020.sty
Package: filehook-2020 2022/10/25 v0.8b Hooks for input files
))
\c@currfiledepth=\count377
)
\outcomefile=\write7

\openout7 = questions.draft.oc
) (../preamble.tex) (/root/texmf/tex/latex/ximeraLatex/ximera.cfg (/usr/local/texlive/2024/texmf-dist/tex/generic/tex4ht/tex4ht.4ht
version 2024-09-24-10:24
--------------------------------------
--- Note --- for additional information, use the command line option `info'
--------------------------------------

::::::::::::::::::::::::::::::::::::::::::
 TeX4ht info is available in the log file 
::::::::::::::::::::::::::::::::::::::::::
) (/usr/local/texlive/2024/texmf-dist/tex/generic/tex4ht/tex4ht.sty
version 2024-09-24-10:22

l.875 --- TeX4ht warning --- nonprimitive \everypar ---
--- needs --- tex4ht questions.draft ---
\tmp:cnt=\count378

\openout15 = questions.draft.tmp
(./questions.draft.tmp)
\tmp:dim=\skip71
 (./questions.draft.xref)
\:refout=\write8

\openout8 = questions.draft.xref
 (/usr/local/texlive/2024/texmf-dist/tex/generic/tex4ht/html4.4ht
version 2024-10-29-13:37
--------------------------------------
--- Note --- to remove the <?xml version=...?> processing instruction use the command line option `no-VERSION'
--------------------------------------
--------------------------------------
--- Note --- to remove the DOCTYPE declaration use the command line option `no-DOCTYPE'
--------------------------------------
) (/usr/local/texlive/2024/texmf-dist/tex/generic/tex4ht/unicode.4ht
version 2023-04-02-08:01
) (/usr/local/texlive/2024/texmf-dist/tex/generic/tex4ht/html4-math.4ht
version 2024-09-27-10:13
) (/usr/local/texlive/2024/texmf-dist/tex/generic/tex4ht/svg-option.4ht
version 2018-12-30-09:33
) (/usr/local/texlive/2024/texmf-dist/tex/generic/tex4ht/html5.4ht
version 2024-04-09-09:36
)
--------------------------------------
--- Note --- for marking of the base font, use the command line option `fonts+'
--------------------------------------
--------------------------------------
--- Note --- for non active _, use the command line option `no_'
--------------------------------------
--------------------------------------
--- Note --- for _ of catcode 13, use the command line option `_13'
--------------------------------------
--------------------------------------
--- Note --- for non active ^, use the command line option `no^'
--------------------------------------
--------------------------------------
--- Note --- for ^ of catcode 13, use the command line option `^13'
--------------------------------------
 (/usr/local/texlive/2024/texmf-dist/tex/generic/tex4ht/html4.4ht
version 2024-10-29-13:37
--------------------------------------
--- Note --- to ignore CSS font decoration, use the `NoFonts' command line option
--------------------------------------
--------------------------------------
--- Note --- for jpg bitmaps of pictures, use the `jpg' command line option. (Character bitmaps are controled only by `g' records of tex4ht.env and `-g' switches of tex4ht.c) 
--------------------------------------
--------------------------------------
--- Note --- for gif bitmaps of pictures, use the `gif' command line option. (Character bitmaps are controled only by `g' records of tex4ht.env and `-g' switches of tex4ht.c) 
--------------------------------------
--------------------------------------
--- Note --- for content and toc in 2 frames, use the command line option `frames'
--------------------------------------
--------------------------------------
--- Note --- for content, toc, and footnotes in 3 frames, use the command line option `frames-fn'
--------------------------------------
--------------------------------------
--- Note --- for file extension name xht, use the command line option `xht'
--------------------------------------
TeX4ht package options: svg,htex4ht,mathjax,-css,charset=utf-8,html5,html,xhtml
--------------------------------------
--- Note --- To print a timestamp, use the command line option timestamp
--------------------------------------
--------------------------------------
--- Note --- for pop ups on mouse over, use the command line option `mouseover'
--------------------------------------
--------------------------------------
--- Note --- for addressing images in a subdirectory, use the command line option `imgdir:.../'
--------------------------------------
) (/usr/local/texlive/2024/texmf-dist/tex/generic/tex4ht/unicode.4ht
version 2023-04-02-08:01
) (/usr/local/texlive/2024/texmf-dist/tex/generic/tex4ht/html4-math.4ht
version 2024-09-27-10:13
) (/usr/local/texlive/2024/texmf-dist/tex/generic/tex4ht/svg-option.4ht
version 2018-12-30-09:33
--------------------------------------
--- Note --- for external SVG files try the command line options `svg-obj' and 'svg-'
--------------------------------------
) (/usr/local/texlive/2024/texmf-dist/tex/generic/tex4ht/html5.4ht
version 2024-04-09-09:36
--------------------------------------
--- Note --- To print a timestamp, use the command line option timestamp
--------------------------------------
--------------------------------------
--- Note --- We use a default CSS style. Use the `nostyle' option if you want to use custom a CSS design
--------------------------------------
)
\:tokwrite=\toks64
\:tokpage=\toks65
--------------------------------------
--- Note --- for back links to toc, use the command line option `sections+'
--------------------------------------
--------------------------------------
--- Note --- for linear crosslinks of pages, use the command line option `next'
--------------------------------------
\:tocout=\write9

\openout9 = questions.draft.4tc
 (questions.draft.4tc) (/usr/local/texlive/2024/texmf-dist/tex/generic/tex4ht/latex.4ht
version 2024-10-13-14:26
LaTeX Info: Redefining \_ on input line 180.
 (/usr/local/texlive/2024/texmf-dist/tex/latex/base/fontenc.sty
Package: fontenc 2021/04/29 v2.0v Standard LaTeX package
LaTeX Font Info:    Trying to load font information for T1+lmr on input line 116.
 (/usr/local/texlive/2024/texmf-dist/tex/latex/lm/t1lmr.fd
File: t1lmr.fd 2015/05/01 v1.6.1 Font defs for Latin Modern
))
(/usr/local/texlive/2024/texmf-dist/tex/generic/kastrup/binhex.tex) (/usr/local/texlive/2024/texmf-dist/tex/latex/base/tuenc.def
File: tuenc.def 2021/04/29 v2.0v Standard LaTeX file
\@remove@tlig@@@=\luafunction29
LaTeX Font Info:    Redeclaring font encoding TU on input line 105.
) (/usr/local/texlive/2024/texmf-dist/tex/generic/tex4ht/tuenc-luatex.4ht
version 2018-08-30-15:28
 (/usr/local/texlive/2024/texmf-dist/tex/luatex/luatexbase/luatexbase.sty
Package: luatexbase 2015/10/04 v1.3 luatexbase interface to LuaTeX 
 (/usr/local/texlive/2024/texmf-dist/tex/luatex/ctablestack/ctablestack.sty
Package: ctablestack 2015/10/01 v1.0 Catcode table stable support
\@catcodetablestackcnt=\count379
)
\CatcodeTableOther=\catcodetable15
\CatcodeTableExpl=\catcodetable16
) (/usr/local/texlive/2024/texmf-dist/tex/lualatex/luacode/luacode.sty
Package: luacode 2012/01/23 v1.2a lua-in-tex helpers (mpg)
 (/usr/local/texlive/2024/texmf-dist/tex/generic/iftex/ifluatex.sty
Package: ifluatex 2019/10/25 v1.5 ifluatex legacy package. Use iftex instead.
)
\luacode@lines=\toks66
\luacode@table@soft=\catcodetable17
)
Inserting `Char to entity' in `pre_linebreak_filter'.
Inserting `hpack-char-to-entity' in `hpack_filter'.
Inserting `hpack-char-to-entity' in `vpack_filter'. (/usr/local/texlive/2024/texmf-dist/tex/generic/tex4ht/html4.4ht
version 2024-10-29-13:37
) (/usr/local/texlive/2024/texmf-dist/tex/generic/tex4ht/unicode.4ht
version 2023-04-02-08:01
) (/usr/local/texlive/2024/texmf-dist/tex/generic/tex4ht/html4-math.4ht
version 2024-09-27-10:13
) (/usr/local/texlive/2024/texmf-dist/tex/generic/tex4ht/svg-option.4ht
version 2018-12-30-09:33
) (/usr/local/texlive/2024/texmf-dist/tex/generic/tex4ht/html5.4ht
version 2024-04-09-09:36
))
LaTeX Info: Redefining \begin on input line 608.
LaTeX Info: Redefining \end on input line 656.
LaTeX Info: Redefining \, on input line 818.
LaTeX Info: Redefining \; on input line 819.
LaTeX Info: Redefining \! on input line 820.
LaTeX Info: Redefining \: on input line 821.
LaTeX Info: Redefining \> on input line 822.
--------------------------------------
--- Note --- for links into captions, instead of float heads, use the command line option `refcaption'
--------------------------------------
 (/usr/local/texlive/2024/texmf-dist/tex/generic/tex4ht/html4.4ht
version 2024-10-29-13:37
) (/usr/local/texlive/2024/texmf-dist/tex/generic/tex4ht/unicode.4ht
version 2023-04-02-08:01
)
(/usr/local/texlive/2024/texmf-dist/tex/generic/tex4ht/html4-math.4ht
version 2024-09-27-10:13
) (/usr/local/texlive/2024/texmf-dist/tex/generic/tex4ht/svg-option.4ht
version 2018-12-30-09:33
) (/usr/local/texlive/2024/texmf-dist/tex/generic/tex4ht/html5.4ht
version 2024-04-09-09:36
) (/usr/local/texlive/2024/texmf-dist/tex/generic/tex4ht/html4.4ht
version 2024-10-29-13:37
--------------------------------------
--- Note --- For mini tocs immediately aftter the header use the command line option `minitoc<'
--------------------------------------
--------------------------------------
--- Note --- for enumerated list elements with valued data, use the command line option `enumerate+'
--------------------------------------
--------------------------------------
--- Note --- for enumerated list elements li's with value attributes, use the command line option `enumerate-'
--------------------------------------
--------------------------------------
--- Note --- for CSS2 code, use the command line option `css2'
--------------------------------------
--------------------------------------
--- Note --- for pictorial tabular, use the command line option `pic-tabular'
--------------------------------------
--------------------------------------
--- Note --- for bitmap fbox'es, use the command line option `pic-fbox'
--------------------------------------
--------------------------------------
--- Note --- for bitmap framebox'es, use the command line option `pic-framebox'
--------------------------------------
--------------------------------------
--- Note --- for inline footnotes use command line option `fn-in'
--------------------------------------
--------------------------------------
--- Note --- for tracing of latex font commands, use the command line option `fonts'
--------------------------------------
--------------------------------------
--- Note --- for width specifications of tabular p entries, use the `p-width' command line option or a configuration similar to \Configure{HColWidth}{\HCode{ style="width:\HColWidth"}}
--------------------------------------
) (/usr/local/texlive/2024/texmf-dist/tex/generic/tex4ht/unicode.4ht
version 2023-04-02-08:01
) (/usr/local/texlive/2024/texmf-dist/tex/generic/tex4ht/html4-math.4ht
version 2024-09-27-10:13
--------------------------------------
--- Note --- for pictorial eqnarray, use the command line option `pic-eqnarray'
--------------------------------------
--------------------------------------
--- Note --- for pictorial array, use the command line option `pic-array'
--------------------------------------
--------------------------------------
--- Note --- for pictorial $...$ environments, use the command line option `pic-m' (not recommended!!)
--------------------------------------
--------------------------------------
--- Note --- for pictorial $...$ and $$...$$ environments with latex alt, use the command line option `pic-m+' (not safe!!)
--------------------------------------
--------------------------------------
--- Note --- for pictorial array, use the command line option `pic-array'
--------------------------------------
 (/usr/local/texlive/2024/texmf-dist/tex/generic/tex4ht/mathjax-latex-4ht.4ht
version 2024-10-25-14:48
)) (/usr/local/texlive/2024/texmf-dist/tex/generic/tex4ht/svg-option.4ht
version 2018-12-30-09:33
) (/usr/local/texlive/2024/texmf-dist/tex/generic/tex4ht/html5.4ht
version 2024-04-09-09:36
)) (/usr/local/texlive/2024/texmf-dist/tex/generic/tex4ht/fontmath.4ht
version 2022-10-25-13:59
 (/usr/local/texlive/2024/texmf-dist/tex/generic/tex4ht/html4.4ht
version 2024-10-29-13:37
) (/usr/local/texlive/2024/texmf-dist/tex/generic/tex4ht/unicode.4ht
version 2023-04-02-08:01
) (/usr/local/texlive/2024/texmf-dist/tex/generic/tex4ht/html4-math.4ht
version 2024-09-27-10:13
) (/usr/local/texlive/2024/texmf-dist/tex/generic/tex4ht/svg-option.4ht
version 2018-12-30-09:33
)
(/usr/local/texlive/2024/texmf-dist/tex/generic/tex4ht/html5.4ht
version 2024-04-09-09:36
)) (/usr/local/texlive/2024/texmf-dist/tex/generic/tex4ht/array.4ht
version 2023-11-12-08:00
 (/usr/local/texlive/2024/texmf-dist/tex/generic/tex4ht/html4.4ht
version 2024-10-29-13:37
) (/usr/local/texlive/2024/texmf-dist/tex/generic/tex4ht/unicode.4ht
version 2023-04-02-08:01
) (/usr/local/texlive/2024/texmf-dist/tex/generic/tex4ht/html4-math.4ht
version 2024-09-27-10:13
--------------------------------------
--- Note --- for pictorial array, use the command line option `pic-array'
--------------------------------------
) (/usr/local/texlive/2024/texmf-dist/tex/generic/tex4ht/svg-option.4ht
version 2018-12-30-09:33
) (/usr/local/texlive/2024/texmf-dist/tex/generic/tex4ht/html5.4ht
version 2024-04-09-09:36
)) (/usr/local/texlive/2024/texmf-dist/tex/generic/tex4ht/color.4ht
version 2022-02-01-14:27
 (/usr/local/texlive/2024/texmf-dist/tex/generic/tex4ht/html4.4ht
version 2024-10-29-13:37
) (/usr/local/texlive/2024/texmf-dist/tex/generic/tex4ht/unicode.4ht
version 2023-04-02-08:01
) (/usr/local/texlive/2024/texmf-dist/tex/generic/tex4ht/html4-math.4ht
version 2024-09-27-10:13
) (/usr/local/texlive/2024/texmf-dist/tex/generic/tex4ht/svg-option.4ht
version 2018-12-30-09:33
) (/usr/local/texlive/2024/texmf-dist/tex/generic/tex4ht/html5.4ht
version 2024-04-09-09:36
)) (/usr/local/texlive/2024/texmf-dist/tex/generic/tex4ht/colortbl.4ht
version 2024-09-30-13:40

(/usr/local/texlive/2024/texmf-dist/tex/generic/tex4ht/xcolor-hooks.4ht
version 2020-10-17-13:53
) (/usr/local/texlive/2024/texmf-dist/tex/generic/tex4ht/html4.4ht
version 2024-10-29-13:37
) (/usr/local/texlive/2024/texmf-dist/tex/generic/tex4ht/unicode.4ht
version 2023-04-02-08:01
) (/usr/local/texlive/2024/texmf-dist/tex/generic/tex4ht/html4-math.4ht
version 2024-09-27-10:13
) (/usr/local/texlive/2024/texmf-dist/tex/generic/tex4ht/svg-option.4ht
version 2018-12-30-09:33
) (/usr/local/texlive/2024/texmf-dist/tex/generic/tex4ht/html5.4ht
version 2024-04-09-09:36
)) (/root/texmf/tex/latex/ximeraLatex/ximera.4ht (/usr/local/texlive/2024/texmf-dist/tex/latex/microtype/microtype.sty
Package: microtype 2024/03/29 v3.1b Micro-typographical refinements (RS)
\MT@toks=\toks67
\MT@tempbox=\box73
\MT@count=\count380
LaTeX Info: Redefining \noprotrusionifhmode on input line 1061.
LaTeX Info: Redefining \leftprotrusion on input line 1062.
\MT@prot@toks=\toks68
LaTeX Info: Redefining \rightprotrusion on input line 1081.
LaTeX Info: Redefining \textls on input line 1392.
\MT@outer@kern=\dimen291
LaTeX Info: Redefining \textmicrotypecontext on input line 2013.
\MT@listname@count=\count381
 (/usr/local/texlive/2024/texmf-dist/tex/latex/microtype/microtype-luatex.def
File: microtype-luatex.def 2024/03/29 v3.1b Definitions specific to luatex (RS)
Lua module: microtype 2024/03/29 v3.1b microtype module.
Module microtype Info: overwriting function `keepligature' on input line 63
LaTeX Info: Redefining \lsstyle on input line 693.
LaTeX Info: Redefining \lslig on input line 693.
\MT@outer@space=\skip72
)
Package microtype Info: Loading configuration file microtype.cfg.
 (/usr/local/texlive/2024/texmf-dist/tex/latex/microtype/microtype.cfg
File: microtype.cfg 2024/03/29 v3.1b microtype main configuration file (RS)
))
\c@identification=\count382
\c@imagealt=\count383
\c@choiceId=\count384
\c@footnoteNum=\count385
 (/usr/local/texlive/2024/texmf-dist/tex/generic/tex4ht/html4.4ht
version 2024-10-29-13:37
) (/usr/local/texlive/2024/texmf-dist/tex/generic/tex4ht/unicode.4ht
version 2023-04-02-08:01
) (/usr/local/texlive/2024/texmf-dist/tex/generic/tex4ht/html4-math.4ht
version 2024-09-27-10:13
) (/usr/local/texlive/2024/texmf-dist/tex/generic/tex4ht/svg-option.4ht
version 2018-12-30-09:33
)
(/usr/local/texlive/2024/texmf-dist/tex/generic/tex4ht/html5.4ht
version 2024-04-09-09:36
)) (/usr/local/texlive/2024/texmf-dist/tex/generic/tex4ht/article.4ht
version 2023-04-10-13:46
 (/usr/local/texlive/2024/texmf-dist/tex/generic/tex4ht/html4.4ht
version 2024-10-29-13:37
--------------------------------------
--- Note --- for automatic sectioning pagination, use the command line option `1', `2', `3', '4', '5', '6', or '7'
--------------------------------------
--------------------------------------
--- Note --- for files named derived from section titles, use the command line option `sec-filename'
--------------------------------------
--------------------------------------
--- Note --- for i-columns index, use the command line option `index=i' (e.g., index=2)
--------------------------------------
) (/usr/local/texlive/2024/texmf-dist/tex/generic/tex4ht/unicode.4ht
version 2023-04-02-08:01
) (/usr/local/texlive/2024/texmf-dist/tex/generic/tex4ht/html4-math.4ht
version 2024-09-27-10:13
) (/usr/local/texlive/2024/texmf-dist/tex/generic/tex4ht/svg-option.4ht
version 2018-12-30-09:33
) (/usr/local/texlive/2024/texmf-dist/tex/generic/tex4ht/html5.4ht
version 2024-04-09-09:36
)) (/usr/local/texlive/2024/texmf-dist/tex/generic/tex4ht/cancel.4ht
version 2022-05-19-13:37
 (/usr/local/texlive/2024/texmf-dist/tex/generic/tex4ht/html4.4ht
version 2024-10-29-13:37
) (/usr/local/texlive/2024/texmf-dist/tex/generic/tex4ht/unicode.4ht
version 2023-04-02-08:01
) (/usr/local/texlive/2024/texmf-dist/tex/generic/tex4ht/html4-math.4ht
version 2024-09-27-10:13
) (/usr/local/texlive/2024/texmf-dist/tex/generic/tex4ht/svg-option.4ht
version 2018-12-30-09:33
) (/usr/local/texlive/2024/texmf-dist/tex/generic/tex4ht/html5.4ht
version 2024-04-09-09:36
)) (/usr/local/texlive/2024/texmf-dist/tex/generic/tex4ht/enumitem.4ht
version 2024-09-09-13:35

(/usr/local/texlive/2024/texmf-dist/tex/generic/tex4ht/html4.4ht
version 2024-10-29-13:37
) (/usr/local/texlive/2024/texmf-dist/tex/generic/tex4ht/unicode.4ht
version 2023-04-02-08:01
) (/usr/local/texlive/2024/texmf-dist/tex/generic/tex4ht/html4-math.4ht
version 2024-09-27-10:13
) (/usr/local/texlive/2024/texmf-dist/tex/generic/tex4ht/svg-option.4ht
version 2018-12-30-09:33
) (/usr/local/texlive/2024/texmf-dist/tex/generic/tex4ht/html5.4ht
version 2024-04-09-09:36
)) (/usr/local/texlive/2024/texmf-dist/tex/generic/tex4ht/titlesec.4ht
version 2021-03-02-13:43
 (/usr/local/texlive/2024/texmf-dist/tex/generic/tex4ht/html4.4ht
version 2024-10-29-13:37
) (/usr/local/texlive/2024/texmf-dist/tex/generic/tex4ht/unicode.4ht
version 2023-04-02-08:01
) (/usr/local/texlive/2024/texmf-dist/tex/generic/tex4ht/html4-math.4ht
version 2024-09-27-10:13
) (/usr/local/texlive/2024/texmf-dist/tex/generic/tex4ht/svg-option.4ht
version 2018-12-30-09:33
) (/usr/local/texlive/2024/texmf-dist/tex/generic/tex4ht/html5.4ht
version 2024-04-09-09:36
)) (/usr/local/texlive/2024/texmf-dist/tex/generic/tex4ht/titling.4ht
version 2019-07-06-14:23
 (/usr/local/texlive/2024/texmf-dist/tex/generic/tex4ht/html4.4ht
version 2024-10-29-13:37
) (/usr/local/texlive/2024/texmf-dist/tex/generic/tex4ht/unicode.4ht
version 2023-04-02-08:01
)
(/usr/local/texlive/2024/texmf-dist/tex/generic/tex4ht/html4-math.4ht
version 2024-09-27-10:13
) (/usr/local/texlive/2024/texmf-dist/tex/generic/tex4ht/svg-option.4ht
version 2018-12-30-09:33
) (/usr/local/texlive/2024/texmf-dist/tex/generic/tex4ht/html5.4ht
version 2024-04-09-09:36
)) (/usr/local/texlive/2024/texmf-dist/tex/generic/tex4ht/url.4ht
version 2023-02-19-10:11
 (/usr/local/texlive/2024/texmf-dist/tex/generic/tex4ht/html4.4ht
version 2024-10-29-13:37
--------------------------------------
--- Note --- for URL encoding within href use the command line option `url-enc'
--------------------------------------
) (/usr/local/texlive/2024/texmf-dist/tex/generic/tex4ht/unicode.4ht
version 2023-04-02-08:01
) (/usr/local/texlive/2024/texmf-dist/tex/generic/tex4ht/html4-math.4ht
version 2024-09-27-10:13
) (/usr/local/texlive/2024/texmf-dist/tex/generic/tex4ht/svg-option.4ht
version 2018-12-30-09:33
) (/usr/local/texlive/2024/texmf-dist/tex/generic/tex4ht/html5.4ht
version 2024-04-09-09:36
)) (/usr/local/texlive/2024/texmf-dist/tex/generic/tex4ht/xcolor.4ht
version 2024-05-09-14:07
 (/usr/local/texlive/2024/texmf-dist/tex/generic/tex4ht/color.4ht
version 2022-02-01-14:27
) (/usr/local/texlive/2024/texmf-dist/tex/generic/tex4ht/html4.4ht
version 2024-10-29-13:37
) (/usr/local/texlive/2024/texmf-dist/tex/generic/tex4ht/unicode.4ht
version 2023-04-02-08:01
) (/usr/local/texlive/2024/texmf-dist/tex/generic/tex4ht/html4-math.4ht
version 2024-09-27-10:13
)
(/usr/local/texlive/2024/texmf-dist/tex/generic/tex4ht/svg-option.4ht
version 2018-12-30-09:33
) (/usr/local/texlive/2024/texmf-dist/tex/generic/tex4ht/html5.4ht
version 2024-04-09-09:36
)) (/usr/local/texlive/2024/texmf-dist/tex/generic/tex4ht/dvips.4ht
version 2009-05-21-09:32
 (/usr/local/texlive/2024/texmf-dist/tex/generic/tex4ht/html4.4ht
version 2024-10-29-13:37
) (/usr/local/texlive/2024/texmf-dist/tex/generic/tex4ht/unicode.4ht
version 2023-04-02-08:01
) (/usr/local/texlive/2024/texmf-dist/tex/generic/tex4ht/html4-math.4ht
version 2024-09-27-10:13
) (/usr/local/texlive/2024/texmf-dist/tex/generic/tex4ht/svg-option.4ht
version 2018-12-30-09:33
) (/usr/local/texlive/2024/texmf-dist/tex/generic/tex4ht/html5.4ht
version 2024-04-09-09:36
)) (/usr/local/texlive/2024/texmf-dist/tex/generic/tex4ht/pgf.4ht
version 2009-05-21-09:32
 (/usr/local/texlive/2024/texmf-dist/tex/generic/tex4ht/html4.4ht
version 2024-10-29-13:37
) (/usr/local/texlive/2024/texmf-dist/tex/generic/tex4ht/unicode.4ht
version 2023-04-02-08:01
) (/usr/local/texlive/2024/texmf-dist/tex/generic/tex4ht/html4-math.4ht
version 2024-09-27-10:13
) (/usr/local/texlive/2024/texmf-dist/tex/generic/tex4ht/svg-option.4ht
version 2018-12-30-09:33
) (/usr/local/texlive/2024/texmf-dist/tex/generic/tex4ht/html5.4ht
version 2024-04-09-09:36
))
(/usr/local/texlive/2024/texmf-dist/tex/generic/tex4ht/graphicx.4ht
version 2022-01-12-13:53
 (/usr/local/texlive/2024/texmf-dist/tex/generic/tex4ht/html4.4ht
version 2024-10-29-13:37
) (/usr/local/texlive/2024/texmf-dist/tex/generic/tex4ht/unicode.4ht
version 2023-04-02-08:01
) (/usr/local/texlive/2024/texmf-dist/tex/generic/tex4ht/html4-math.4ht
version 2024-09-27-10:13
) (/usr/local/texlive/2024/texmf-dist/tex/generic/tex4ht/svg-option.4ht
version 2018-12-30-09:33
) (/usr/local/texlive/2024/texmf-dist/tex/generic/tex4ht/html5.4ht
version 2024-04-09-09:36
)) (/usr/local/texlive/2024/texmf-dist/tex/generic/tex4ht/graphics.4ht
version 2024-03-07-13:56
 (/usr/local/texlive/2024/texmf-dist/tex/generic/tex4ht/html4.4ht
version 2024-10-29-13:37
--------------------------------------
--- Note --- if included graphics are of degraded quality, try the command line options `graphics-num' or `graphics-'. The `num' should provide the density of pixels in the bitmaps (e.g., 110). 
--------------------------------------
--------------------------------------
--- Note --- for setting image dimensions, try the option `Gin-dim'; to use percents instead of units, use `Gin-perecent'; for key dimensions when bounding box is unavailable try `Gin-dim+'; neither is recommended
--------------------------------------
) (/usr/local/texlive/2024/texmf-dist/tex/generic/tex4ht/unicode.4ht
version 2023-04-02-08:01
) (/usr/local/texlive/2024/texmf-dist/tex/generic/tex4ht/html4-math.4ht
version 2024-09-27-10:13
) (/usr/local/texlive/2024/texmf-dist/tex/generic/tex4ht/svg-option.4ht
version 2018-12-30-09:33
) (/usr/local/texlive/2024/texmf-dist/tex/generic/tex4ht/html5.4ht
version 2024-04-09-09:36
)) (/usr/local/texlive/2024/texmf-dist/tex/generic/tex4ht/fancyvrb.4ht
version 2024-10-04-14:44
 (/usr/local/texlive/2024/texmf-dist/tex/generic/tex4ht/html4.4ht
version 2024-10-29-13:37
)
(/usr/local/texlive/2024/texmf-dist/tex/generic/tex4ht/unicode.4ht
version 2023-04-02-08:01
) (/usr/local/texlive/2024/texmf-dist/tex/generic/tex4ht/html4-math.4ht
version 2024-09-27-10:13
) (/usr/local/texlive/2024/texmf-dist/tex/generic/tex4ht/svg-option.4ht
version 2018-12-30-09:33
) (/usr/local/texlive/2024/texmf-dist/tex/generic/tex4ht/html5.4ht
version 2024-04-09-09:36
)) (/usr/local/texlive/2024/texmf-dist/tex/generic/tex4ht/ifthen.4ht
version 2022-06-08-14:13
 (/usr/local/texlive/2024/texmf-dist/tex/generic/tex4ht/html4.4ht
version 2024-10-29-13:37
) (/usr/local/texlive/2024/texmf-dist/tex/generic/tex4ht/unicode.4ht
version 2023-04-02-08:01
) (/usr/local/texlive/2024/texmf-dist/tex/generic/tex4ht/html4-math.4ht
version 2024-09-27-10:13
) (/usr/local/texlive/2024/texmf-dist/tex/generic/tex4ht/svg-option.4ht
version 2018-12-30-09:33
) (/usr/local/texlive/2024/texmf-dist/tex/generic/tex4ht/html5.4ht
version 2024-04-09-09:36
)) (/usr/local/texlive/2024/texmf-dist/tex/generic/tex4ht/amssymb.4ht
version 2009-05-21-09:32
 (/usr/local/texlive/2024/texmf-dist/tex/generic/tex4ht/html4.4ht
version 2024-10-29-13:37
) (/usr/local/texlive/2024/texmf-dist/tex/generic/tex4ht/unicode.4ht
version 2023-04-02-08:01
) (/usr/local/texlive/2024/texmf-dist/tex/generic/tex4ht/html4-math.4ht
version 2024-09-27-10:13
)
(/usr/local/texlive/2024/texmf-dist/tex/generic/tex4ht/svg-option.4ht
version 2018-12-30-09:33
) (/usr/local/texlive/2024/texmf-dist/tex/generic/tex4ht/html5.4ht
version 2024-04-09-09:36
)) (/usr/local/texlive/2024/texmf-dist/tex/generic/tex4ht/amsfonts.4ht
version 2024-11-03-05:51
 (/usr/local/texlive/2024/texmf-dist/tex/generic/tex4ht/html4.4ht
version 2024-10-29-13:37
) (/usr/local/texlive/2024/texmf-dist/tex/generic/tex4ht/unicode.4ht
version 2023-04-02-08:01
) (/usr/local/texlive/2024/texmf-dist/tex/generic/tex4ht/html4-math.4ht
version 2024-09-27-10:13
) (/usr/local/texlive/2024/texmf-dist/tex/generic/tex4ht/svg-option.4ht
version 2018-12-30-09:33
) (/usr/local/texlive/2024/texmf-dist/tex/generic/tex4ht/html5.4ht
version 2024-04-09-09:36
)) (/usr/local/texlive/2024/texmf-dist/tex/generic/tex4ht/amsmath.4ht
version 2024-09-24-10:22
\tmp:muskip=\muskip19
 (/usr/local/texlive/2024/texmf-dist/tex/generic/tex4ht/html4.4ht
version 2024-10-29-13:37
) (/usr/local/texlive/2024/texmf-dist/tex/generic/tex4ht/unicode.4ht
version 2023-04-02-08:01
) (/usr/local/texlive/2024/texmf-dist/tex/generic/tex4ht/html4-math.4ht
version 2024-09-27-10:13
) (/usr/local/texlive/2024/texmf-dist/tex/generic/tex4ht/svg-option.4ht
version 2018-12-30-09:33
) (/usr/local/texlive/2024/texmf-dist/tex/generic/tex4ht/html5.4ht
version 2024-04-09-09:36
))
(/usr/local/texlive/2024/texmf-dist/tex/generic/tex4ht/amstext.4ht
version 2009-05-21-09:32
 (/usr/local/texlive/2024/texmf-dist/tex/generic/tex4ht/html4.4ht
version 2024-10-29-13:37
) (/usr/local/texlive/2024/texmf-dist/tex/generic/tex4ht/unicode.4ht
version 2023-04-02-08:01
) (/usr/local/texlive/2024/texmf-dist/tex/generic/tex4ht/html4-math.4ht
version 2024-09-27-10:13
) (/usr/local/texlive/2024/texmf-dist/tex/generic/tex4ht/svg-option.4ht
version 2018-12-30-09:33
) (/usr/local/texlive/2024/texmf-dist/tex/generic/tex4ht/html5.4ht
version 2024-04-09-09:36
)) (/usr/local/texlive/2024/texmf-dist/tex/generic/tex4ht/amsbsy.4ht
version 2009-05-21-09:32
 (/usr/local/texlive/2024/texmf-dist/tex/generic/tex4ht/html4.4ht
version 2024-10-29-13:37
) (/usr/local/texlive/2024/texmf-dist/tex/generic/tex4ht/unicode.4ht
version 2023-04-02-08:01
) (/usr/local/texlive/2024/texmf-dist/tex/generic/tex4ht/html4-math.4ht
version 2024-09-27-10:13
) (/usr/local/texlive/2024/texmf-dist/tex/generic/tex4ht/svg-option.4ht
version 2018-12-30-09:33
) (/usr/local/texlive/2024/texmf-dist/tex/generic/tex4ht/html5.4ht
version 2024-04-09-09:36
)) (/usr/local/texlive/2024/texmf-dist/tex/generic/tex4ht/amsopn.4ht
version 2009-05-21-09:32
 (/usr/local/texlive/2024/texmf-dist/tex/generic/tex4ht/html4.4ht
version 2024-10-29-13:37
)
(/usr/local/texlive/2024/texmf-dist/tex/generic/tex4ht/unicode.4ht
version 2023-04-02-08:01
) (/usr/local/texlive/2024/texmf-dist/tex/generic/tex4ht/html4-math.4ht
version 2024-09-27-10:13
) (/usr/local/texlive/2024/texmf-dist/tex/generic/tex4ht/svg-option.4ht
version 2018-12-30-09:33
) (/usr/local/texlive/2024/texmf-dist/tex/generic/tex4ht/html5.4ht
version 2024-04-09-09:36
)) (/usr/local/texlive/2024/texmf-dist/tex/generic/tex4ht/amsthm.4ht
version 2009-05-21-09:32
 (/usr/local/texlive/2024/texmf-dist/tex/generic/tex4ht/html4.4ht
version 2024-10-29-13:37
) (/usr/local/texlive/2024/texmf-dist/tex/generic/tex4ht/unicode.4ht
version 2023-04-02-08:01
) (/usr/local/texlive/2024/texmf-dist/tex/generic/tex4ht/html4-math.4ht
version 2024-09-27-10:13
) (/usr/local/texlive/2024/texmf-dist/tex/generic/tex4ht/svg-option.4ht
version 2018-12-30-09:33
) (/usr/local/texlive/2024/texmf-dist/tex/generic/tex4ht/html5.4ht
version 2024-04-09-09:36
)) (/usr/local/texlive/2024/texmf-dist/tex/generic/tex4ht/xifthen.4ht
version 2021-12-25-13:54
 (/usr/local/texlive/2024/texmf-dist/tex/generic/tex4ht/html4.4ht
version 2024-10-29-13:37
) (/usr/local/texlive/2024/texmf-dist/tex/generic/tex4ht/unicode.4ht
version 2023-04-02-08:01
) (/usr/local/texlive/2024/texmf-dist/tex/generic/tex4ht/html4-math.4ht
version 2024-09-27-10:13
)
(/usr/local/texlive/2024/texmf-dist/tex/generic/tex4ht/svg-option.4ht
version 2018-12-30-09:33
) (/usr/local/texlive/2024/texmf-dist/tex/generic/tex4ht/html5.4ht
version 2024-04-09-09:36
)) (/usr/local/texlive/2024/texmf-dist/tex/generic/tex4ht/listings.4ht
version 2024-06-10-14:03
 (/usr/local/texlive/2024/texmf-dist/tex/generic/tex4ht/html4.4ht
version 2024-10-29-13:37
--------------------------------------
--- Note --- to ensure proper alignments use fixed size fonts (see listings.dtx)
--------------------------------------
) (/usr/local/texlive/2024/texmf-dist/tex/generic/tex4ht/unicode.4ht
version 2023-04-02-08:01
) (/usr/local/texlive/2024/texmf-dist/tex/generic/tex4ht/html4-math.4ht
version 2024-09-27-10:13
) (/usr/local/texlive/2024/texmf-dist/tex/generic/tex4ht/svg-option.4ht
version 2018-12-30-09:33
) (/usr/local/texlive/2024/texmf-dist/tex/generic/tex4ht/html5.4ht
version 2024-04-09-09:36
)) (/usr/local/texlive/2024/texmf-dist/tex/generic/tex4ht/nameref.4ht
version 2024-06-15-13:36
 (/usr/local/texlive/2024/texmf-dist/tex/generic/tex4ht/html4.4ht
version 2024-10-29-13:37
) (/usr/local/texlive/2024/texmf-dist/tex/generic/tex4ht/unicode.4ht
version 2023-04-02-08:01
) (/usr/local/texlive/2024/texmf-dist/tex/generic/tex4ht/html4-math.4ht
version 2024-09-27-10:13
) (/usr/local/texlive/2024/texmf-dist/tex/generic/tex4ht/svg-option.4ht
version 2018-12-30-09:33
) (/usr/local/texlive/2024/texmf-dist/tex/generic/tex4ht/html5.4ht
version 2024-04-09-09:36
))
(/usr/local/texlive/2024/texmf-dist/tex/generic/tex4ht/hyperref.4ht
version 2024-02-29-14:08
LaTeX Info: Redefining \autoref on input line 88.
\Hy@SectionHShift=\skip73
 (/usr/local/texlive/2024/texmf-dist/tex/generic/tex4ht/html4.4ht
version 2024-10-29-13:37
) (/usr/local/texlive/2024/texmf-dist/tex/generic/tex4ht/unicode.4ht
version 2023-04-02-08:01
) (/usr/local/texlive/2024/texmf-dist/tex/generic/tex4ht/html4-math.4ht
version 2024-09-27-10:13
) (/usr/local/texlive/2024/texmf-dist/tex/generic/tex4ht/svg-option.4ht
version 2018-12-30-09:33
) (/usr/local/texlive/2024/texmf-dist/tex/generic/tex4ht/html5.4ht
version 2024-04-09-09:36
)) (/usr/local/texlive/2024/texmf-dist/tex/generic/tex4ht/pd1enc.4ht
version 2009-05-21-09:32
 (/usr/local/texlive/2024/texmf-dist/tex/generic/tex4ht/html4.4ht
version 2024-10-29-13:37
) (/usr/local/texlive/2024/texmf-dist/tex/generic/tex4ht/unicode.4ht
version 2023-04-02-08:01
) (/usr/local/texlive/2024/texmf-dist/tex/generic/tex4ht/html4-math.4ht
version 2024-09-27-10:13
) (/usr/local/texlive/2024/texmf-dist/tex/generic/tex4ht/svg-option.4ht
version 2018-12-30-09:33
) (/usr/local/texlive/2024/texmf-dist/tex/generic/tex4ht/html5.4ht
version 2024-04-09-09:36
)) (/usr/local/texlive/2024/texmf-dist/tex/generic/tex4ht/verbatim.4ht
version 2021-07-04-09:13
 (/usr/local/texlive/2024/texmf-dist/tex/generic/tex4ht/html4.4ht
version 2024-10-29-13:37
)
(/usr/local/texlive/2024/texmf-dist/tex/generic/tex4ht/unicode.4ht
version 2023-04-02-08:01
) (/usr/local/texlive/2024/texmf-dist/tex/generic/tex4ht/html4-math.4ht
version 2024-09-27-10:13
) (/usr/local/texlive/2024/texmf-dist/tex/generic/tex4ht/svg-option.4ht
version 2018-12-30-09:33
) (/usr/local/texlive/2024/texmf-dist/tex/generic/tex4ht/html5.4ht
version 2024-04-09-09:36
)) (/usr/local/texlive/2024/texmf-dist/tex/generic/tex4ht/html4.4ht
version 2024-10-29-13:37
) (/usr/local/texlive/2024/texmf-dist/tex/generic/tex4ht/unicode.4ht
version 2023-04-02-08:01
) (/usr/local/texlive/2024/texmf-dist/tex/generic/tex4ht/html4-math.4ht
version 2024-09-27-10:13
) (/usr/local/texlive/2024/texmf-dist/tex/generic/tex4ht/svg-option.4ht
version 2018-12-30-09:33
) (/usr/local/texlive/2024/texmf-dist/tex/generic/tex4ht/html5.4ht
version 2024-04-09-09:36
)) (./questions.draft.oc) (/usr/local/texlive/2024/texmf-dist/tex/latex/l3backend/l3backend-dvips.def
File: l3backend-dvips.def 2024-05-08 L3 backend support: dvips
\l__pdf_internal_box=\box74
\l__pdf_backend_content_box=\box75
\l__pdf_backend_model_box=\box76
\g__pdf_backend_annotation_int=\count386
\g__pdf_backend_link_int=\count387
\g__pdf_backend_link_sf_int=\count388
) (./questions.draft.aux)
\openout1 = questions.draft.aux

LaTeX Font Info:    Checking defaults for OML/cmm/m/it on input line 147.
LaTeX Font Info:    ... okay on input line 147.
LaTeX Font Info:    Checking defaults for OMS/cmsy/m/n on input line 147.
LaTeX Font Info:    ... okay on input line 147.
LaTeX Font Info:    Checking defaults for OT1/cmr/m/n on input line 147.
LaTeX Font Info:    ... okay on input line 147.
LaTeX Font Info:    Checking defaults for T1/cmr/m/n on input line 147.
LaTeX Font Info:    ... okay on input line 147.
LaTeX Font Info:    Checking defaults for TS1/cmr/m/n on input line 147.
LaTeX Font Info:    ... okay on input line 147.
LaTeX Font Info:    Checking defaults for TU/lmr/m/n on input line 147.
LaTeX Font Info:    ... okay on input line 147.
LaTeX Font Info:    Checking defaults for OMX/cmex/m/n on input line 147.
LaTeX Font Info:    ... okay on input line 147.
LaTeX Font Info:    Checking defaults for U/cmr/m/n on input line 147.
LaTeX Font Info:    ... okay on input line 147.
LaTeX Font Info:    Checking defaults for PD1/pdf/m/n on input line 147.
LaTeX Font Info:    ... okay on input line 147.
LaTeX Font Info:    Checking defaults for PU/pdf/m/n on input line 147.
LaTeX Font Info:    ... okay on input line 147.


Package pgfplots Warning: running in backwards compatibility mode (unsuitable tick labels; missing features). Consider writing \pgfplotsset{compat=1.18} into your preamble.
 on input line 147.

\c@lstlisting=\count389
Package hyperref Info: Link coloring ON on input line 147.
\ST@sf=\write10

\openout10 = questions.draft.sagetex.sage
LaTeX Info: Redefining \microtypecontext on input line 147.
Package microtype Info: Not applying patch `item' (for tex4ht) on input line 147.
Package microtype Info: Not applying patch `toc' (for tex4ht) on input line 147.
Package microtype Info: Not applying patch `eqnum' (for tex4ht) on input line 147.
Package microtype Info: Not applying patch `footnote' (for tex4ht) on input line 147.
Package microtype Info: Not applying patch `verbatim' (for tex4ht) on input line 147.
Package microtype Info: Generating DVI output.
Package microtype Info: Character protrusion enabled (level 2).
Package microtype Info: Using default protrusion set `alltext'.
Package microtype Info: No font expansion.
Package microtype Info: No adjustment of tracking.
Package microtype Info: No adjustment of spacing.
Package microtype Info: No adjustment of kerning.
(/usr/local/texlive/2024/texmf-dist/tex/latex/microtype/mt-cmr.cfg
File: mt-cmr.cfg 2013/05/19 v2.2 microtype config. file: Computer Modern Roman (RS)
)

LaTeX Warning: No \author given.

) (./questions.draft.oc)
LaTeX Font Info:    Trying to load font information for U+msa on input line 26.
 (/usr/local/texlive/2024/texmf-dist/tex/latex/amsfonts/umsa.fd
File: umsa.fd 2013/01/14 v3.01 AMS symbols A
) (/usr/local/texlive/2024/texmf-dist/tex/latex/microtype/mt-msa.cfg
File: mt-msa.cfg 2006/02/04 v1.1 microtype config. file: AMS symbols (a) (RS)
)
LaTeX Font Info:    Trying to load font information for U+msb on input line 26.
 (/usr/local/texlive/2024/texmf-dist/tex/latex/amsfonts/umsb.fd
File: umsb.fd 2013/01/14 v3.01 AMS symbols B
) (/usr/local/texlive/2024/texmf-dist/tex/latex/microtype/mt-msb.cfg
File: mt-msb.cfg 2005/06/01 v1.0 microtype config. file: AMS symbols (b) (RS)
)
LaTeX Font Info:    Trying to load font information for T1+lmtt on input line 65.
 (/usr/local/texlive/2024/texmf-dist/tex/latex/lm/t1lmtt.fd
File: t1lmtt.fd 2015/05/01 v1.6.1 Font defs for Latin Modern
)
Package microtype Info: Loading generic protrusion settings for font family
(microtype)             `lmtt' (encoding: T1).
(microtype)             For optimal results, create family-specific settings.
(microtype)             See the microtype manual for details.


[1

]
*********************************************************************


[2] (./questions.draft.aux)
 ***********
LaTeX2e <2024-11-01>
L3 programming layer <2024-11-02>
 ***********
)

Here is how much of LuaTeX's memory you used:
 44179 strings out of 475659
 100000,1977958 words of node,token memory allocated
 568 words of node memory still in use:
   6 hlist, 2 vlist, 2 rule, 2 glue, 4 kern, 1 glyph, 7 attribute, 68 glue_spec, 7 attribute_list, 1 write nodes
   avail lists: 2:690,3:1100,4:42,5:173,6:74,7:4048,8:3,9:363,10:34,11:214
 64730 multiletter control sequences out of 65536+600000
 37 fonts using 2136447 bytes
 124i,6n,142p,1253b,421s stack positions out of 10000i,1000n,20000p,200000b,200000s
Output written on questions.draft.dvi (2 pages, 13316 bytes).
